#
# A fatal error has been detected by the Java Runtime Environment:
#
#  EXCEPTION_STACK_OVERFLOW (0xc00000fd) at pc=0x000000005e524d37, pid=3280, tid=0x0000000000002ccc
#
# JRE version: Java(TM) SE Runtime Environment (8.0_191-b12) (build 1.8.0_191-b12)
# Java VM: Java HotSpot(TM) 64-Bit Server VM (25.191-b12 mixed mode windows-amd64 compressed oops)
# Problematic frame:
# V  [jvm.dll+0x214d37]
#
# Failed to write core dump. Minidumps are not enabled by default on client versions of Windows
#
# If you would like to submit a bug report, please visit:
#   http://bugreport.java.com/bugreport/crash.jsp
#

---------------  T H R E A D  ---------------

Current thread (0x00000000229c4800):  JavaThread "http-nio-9094-exec-7" daemon [_thread_in_vm, id=11468, stack(0x0000000025a20000,0x0000000025b20000)]

siginfo: ExceptionCode=0xc00000fd, ExceptionInformation=0x0000000000000001 0x0000000025b1a040 

Registers:
RAX=0x0000000025b1a040, RBX=0x0000000000000006, RCX=0x0000000000005000, RDX=0x0000000000000006
RSP=0x0000000025b1f040, RBP=0x0000000000000000, RSI=0x0000000025b1f040, RDI=0x0000000000000006
R8 =0x0000000000000006, R9 =0x000000001f665310, R10=0x000000001b70c570, R11=0x0000000025a2a148
R12=0x000000001f665310, R13=0x00000000229c4800, R14=0x0000000025b1f108, R15=0x000000001b70c570
RIP=0x000000005e524d37, EFLAGS=0x0000000000010202

Top of Stack: (sp=0x0000000025b1f040)
0x0000000025b1f040:   0000db14e05cc15d 00000007c0006bd0
0x0000000025b1f050:   00000000229c4800 000000001f665310
0x0000000025b1f060:   00000000ffffffff 000000005e525c67
0x0000000025b1f070:   0000000025b1f170 000000001b70c570
0x0000000025b1f080:   00000000229c4800 000000005e3d1213
0x0000000025b1f090:   0000000025b1f0d0 00000000229c4800
0x0000000025b1f0a0:   0000000025b1f160 00000000229c4800
0x0000000025b1f0b0:   000000001b70c570 00000000229c4800
0x0000000025b1f0c0:   00000000025b3be0 00000000229c4800
0x0000000025b1f0d0:   000000001b70c570 00000000229c4800
0x0000000025b1f0e0:   000000001b70c570 00000000229c4800
0x0000000025b1f0f0:   0000000000000001 000000001b70c570
0x0000000025b1f100:   00000000229c4800 00000000229bfbf0
0x0000000025b1f110:   00000000229c4800 000000005e3d297d
0x0000000025b1f120:   0000000025b1f428 00000007c0006bd0
0x0000000025b1f130:   00000007c0461888 0000000000002000 

Instructions: (pc=0x000000005e524d37)
0x000000005e524d17:   48 89 6c 24 30 33 ed 66 90 e8 1b 4e 08 00 ff c3
0x000000005e524d27:   48 63 c8 48 8b c6 48 0f af cf 48 ff c7 48 2b c1
0x000000005e524d37:   89 28 48 63 c3 48 3b 05 65 8b 59 00 7e db 48 8b
0x000000005e524d47:   6c 24 30 48 8b 5c 24 38 48 8b 74 24 40 48 83 c4 


Register to memory mapping:

RAX=0x0000000025b1a040 is pointing into the stack for thread: 0x00000000229c4800
RBX=0x0000000000000006 is an unknown value
RCX=0x0000000000005000 is an unknown value
RDX=0x0000000000000006 is an unknown value
RSP=0x0000000025b1f040 is pointing into the stack for thread: 0x00000000229c4800
RBP=0x0000000000000000 is an unknown value
RSI=0x0000000025b1f040 is pointing into the stack for thread: 0x00000000229c4800
RDI=0x0000000000000006 is an unknown value
R8 =0x0000000000000006 is an unknown value
R9 =0x000000001f665310 is an unknown value
R10={method} {0x000000001b70c578} 'run' '()V' in 'java/lang/Thread'
R11=0x0000000025a2a148 is pointing into the stack for thread: 0x00000000229c4800
R12=0x000000001f665310 is an unknown value
R13=0x00000000229c4800 is a thread
R14=0x0000000025b1f108 is pointing into the stack for thread: 0x00000000229c4800
R15={method} {0x000000001b70c578} 'run' '()V' in 'java/lang/Thread'


Stack: [0x0000000025a20000,0x0000000025b20000],  sp=0x0000000025b1f040,  free space=1020k
Native frames: (J=compiled Java code, j=interpreted, Vv=VM code, C=native code)


---------------  P R O C E S S  ---------------

Java Threads: ( => current thread )
  0x00000000229cc800 JavaThread "http-nio-9094-Acceptor-0" daemon [_thread_in_vm, id=5776, stack(0x0000000026020000,0x0000000026120000)]
  0x00000000229c5000 JavaThread "http-nio-9094-ClientPoller-1" daemon [_thread_in_vm, id=6812, stack(0x0000000025f20000,0x0000000026020000)]
  0x00000000229c9800 JavaThread "http-nio-9094-ClientPoller-0" daemon [_thread_in_native, id=12508, stack(0x0000000025e20000,0x0000000025f20000)]
  0x00000000229c6800 JavaThread "http-nio-9094-exec-10" daemon [_thread_blocked, id=13104, stack(0x0000000025d20000,0x0000000025e20000)]
  0x00000000229cc000 JavaThread "http-nio-9094-exec-9" daemon [_thread_blocked, id=1356, stack(0x0000000025c20000,0x0000000025d20000)]
  0x00000000229c6000 JavaThread "http-nio-9094-exec-8" daemon [_thread_blocked, id=6700, stack(0x0000000025b20000,0x0000000025c20000)]
=>0x00000000229c4800 JavaThread "http-nio-9094-exec-7" daemon [_thread_in_vm, id=11468, stack(0x0000000025a20000,0x0000000025b20000)]
  0x00000000229ca800 JavaThread "http-nio-9094-exec-6" daemon [_thread_blocked, id=4480, stack(0x0000000025820000,0x0000000025920000)]
  0x00000000229c8000 JavaThread "http-nio-9094-exec-5" daemon [_thread_blocked, id=4892, stack(0x0000000025720000,0x0000000025820000)]
  0x000000001dfec800 JavaThread "http-nio-9094-exec-4" daemon [_thread_blocked, id=784, stack(0x0000000025620000,0x0000000025720000)]
  0x000000001dfeb800 JavaThread "http-nio-9094-exec-3" daemon [_thread_blocked, id=9352, stack(0x0000000025520000,0x0000000025620000)]
  0x000000001dfeb000 JavaThread "http-nio-9094-exec-2" daemon [_thread_blocked, id=9240, stack(0x0000000025420000,0x0000000025520000)]
  0x000000001dfe8000 JavaThread "http-nio-9094-exec-1" daemon [_thread_blocked, id=11032, stack(0x0000000025320000,0x0000000025420000)]
  0x000000001dfe9800 JavaThread "NioBlockingSelector.BlockPoller-1" daemon [_thread_in_native, id=7952, stack(0x0000000025020000,0x0000000025120000)]
  0x000000001dfe8800 JavaThread "File Watcher" daemon [_thread_blocked, id=7332, stack(0x0000000024f20000,0x0000000025020000)]
  0x000000001dfee000 JavaThread "Live Reload Server" daemon [_thread_in_native, id=7720, stack(0x0000000024a20000,0x0000000024b20000)]
  0x000000001dfed000 JavaThread "HikariPool-1 connection closer" daemon [_thread_blocked, id=11884, stack(0x0000000024620000,0x0000000024720000)]
  0x0000000022504800 JavaThread "HikariPool-1 connection adder" daemon [_thread_in_native, id=7376, stack(0x0000000023d20000,0x0000000023e20000)]
  0x0000000022484800 JavaThread "HikariPool-1 housekeeper" daemon [_thread_blocked, id=8744, stack(0x0000000023c20000,0x0000000023d20000)]
  0x00000000223f7800 JavaThread "container-0" [_thread_blocked, id=10232, stack(0x0000000023720000,0x0000000023820000)]
  0x0000000022397800 JavaThread "Catalina-utility-2" [_thread_blocked, id=12044, stack(0x0000000023620000,0x0000000023720000)]
  0x0000000020f4e800 JavaThread "Catalina-utility-1" [_thread_blocked, id=9476, stack(0x0000000023520000,0x0000000023620000)]
  0x00000000201e6000 JavaThread "restartedMain" [_thread_in_Java, id=5552, stack(0x0000000021050000,0x0000000021150000)]
  0x00000000201e5000 JavaThread "Thread-1" [_thread_blocked, id=6276, stack(0x0000000020f50000,0x0000000021050000)]
  0x000000001f441000 JavaThread "RMI TCP Accept-0" daemon [_thread_in_native, id=13028, stack(0x000000001fa10000,0x000000001fb10000)]
  0x000000001f434000 JavaThread "RMI TCP Accept-55962" daemon [_thread_in_native, id=6072, stack(0x000000001f910000,0x000000001fa10000)]
  0x000000001f424000 JavaThread "RMI TCP Accept-0" daemon [_thread_in_native, id=5700, stack(0x000000001f810000,0x000000001f910000)]
  0x000000001e070800 JavaThread "Service Thread" daemon [_thread_blocked, id=10644, stack(0x000000001ebd0000,0x000000001ecd0000)]
  0x000000001dfea000 JavaThread "C1 CompilerThread3" daemon [_thread_blocked, id=6588, stack(0x000000001ead0000,0x000000001ebd0000)]
  0x000000001dfe4000 JavaThread "C2 CompilerThread2" daemon [_thread_blocked, id=8476, stack(0x000000001e9d0000,0x000000001ead0000)]
  0x000000001dfd6800 JavaThread "C2 CompilerThread1" daemon [_thread_blocked, id=2796, stack(0x000000001e8d0000,0x000000001e9d0000)]
  0x000000001dfd4800 JavaThread "C2 CompilerThread0" daemon [_thread_blocked, id=12020, stack(0x000000001e7d0000,0x000000001e8d0000)]
  0x000000001dfd2800 JavaThread "Attach Listener" daemon [_thread_blocked, id=12888, stack(0x000000001e6d0000,0x000000001e7d0000)]
  0x000000001dfd1800 JavaThread "Signal Dispatcher" daemon [_thread_blocked, id=4640, stack(0x000000001e5d0000,0x000000001e6d0000)]
  0x000000001dfc0800 JavaThread "Finalizer" daemon [_thread_blocked, id=9568, stack(0x000000001e3a0000,0x000000001e4a0000)]
  0x000000001c0cd000 JavaThread "Reference Handler" daemon [_thread_blocked, id=6888, stack(0x000000001dea0000,0x000000001dfa0000)]
  0x0000000002497800 JavaThread "main" [_thread_blocked, id=9692, stack(0x0000000002390000,0x0000000002490000)]

Other Threads:
  0x000000000258d800 VMThread [stack: 0x000000001dda0000,0x000000001dea0000] [id=3700]
  0x000000001f444800 WatcherThread [stack: 0x000000001fb10000,0x000000001fc10000] [id=1224]

VM state:not at safepoint (normal execution)

VM Mutex/Monitor currently owned by a thread: None

Heap:
 PSYoungGen      total 134656K, used 39950K [0x000000076ad00000, 0x0000000774f80000, 0x00000007c0000000)
  eden space 123904K, 32% used [0x000000076ad00000,0x000000076d403a18,0x0000000772600000)
  from space 10752K, 0% used [0x0000000772600000,0x0000000772600000,0x0000000773080000)
  to   space 18432K, 0% used [0x0000000773d80000,0x0000000773d80000,0x0000000774f80000)
 ParOldGen       total 102400K, used 18775K [0x00000006c0600000, 0x00000006c6a00000, 0x000000076ad00000)
  object space 102400K, 18% used [0x00000006c0600000,0x00000006c1855f80,0x00000006c6a00000)
 Metaspace       used 48602K, capacity 51104K, committed 51288K, reserved 1095680K
  class space    used 6976K, capacity 7420K, committed 7512K, reserved 1048576K

Card table byte_map: [0x0000000011960000,0x0000000012160000] byte_map_base: 0x000000000e35d000

Marking Bits: (ParMarkBitMap*) 0x000000005eb33e30
 Begin Bits: [0x0000000012ec0000, 0x0000000016ea8000)
 End Bits:   [0x0000000016ea8000, 0x000000001ae90000)

Polling page: 0x0000000000960000

CodeCache: size=245760Kb used=8319Kb max_used=8319Kb free=237440Kb
 bounds [0x00000000025a0000, 0x0000000002dd0000, 0x00000000115a0000]
 total_blobs=4641 nmethods=4132 adapters=419
 compilation: enabled

Compilation events (10 events):
Event: 7.685 Thread 0x000000001dfea000 4150       1       org.springframework.boot.autoconfigure.condition.ConditionEvaluationReport::lambda$addNoMatchOutcomeToAncestors$1 (54 bytes)
Event: 7.686 Thread 0x000000001dfea000 nmethod 4150 0x0000000002dbb2d0 code [0x0000000002dbb4c0, 0x0000000002dbbaf8]
Event: 7.688 Thread 0x000000001dfea000 4151       1       org.springframework.boot.autoconfigure.condition.ConditionEvaluationReport$ConditionAndOutcome::getOutcome (5 bytes)
Event: 7.689 Thread 0x000000001dfea000 nmethod 4151 0x0000000002dbbfd0 code [0x0000000002dbc120, 0x0000000002dbc230]
Event: 7.690 Thread 0x000000001dfea000 4152       1       java.util.TreeMap::forEach (58 bytes)
Event: 7.690 Thread 0x000000001dfea000 nmethod 4152 0x0000000002dbc290 code [0x0000000002dbc420, 0x0000000002dbc718]
Event: 7.701 Thread 0x000000001dfea000 4154       1       java.lang.invoke.MemberName::equals (24 bytes)
Event: 7.701 Thread 0x000000001dfea000 nmethod 4154 0x0000000002dbd190 code [0x0000000002dbd300, 0x0000000002dbd4c8]
Event: 7.703 Thread 0x000000001dfea000 4155       1       java.util.logging.LogManager$LoggerContext::getRootLogger (8 bytes)
Event: 7.703 Thread 0x000000001dfea000 nmethod 4155 0x0000000002dbd550 code [0x0000000002dbd6a0, 0x0000000002dbd7b0]

GC Heap History (10 events):
Event: 6.893 GC heap before
{Heap before GC invocations=12 (full 3):
 PSYoungGen      total 134656K, used 9702K [0x000000076ad00000, 0x0000000775b80000, 0x00000007c0000000)
  eden space 123904K, 0% used [0x000000076ad00000,0x000000076ad00000,0x0000000772600000)
  from space 10752K, 90% used [0x0000000772600000,0x0000000772f79b10,0x0000000773080000)
  to   space 12800K, 0% used [0x0000000774f00000,0x0000000774f00000,0x0000000775b80000)
 ParOldGen       total 102400K, used 20376K [0x00000006c0600000, 0x00000006c6a00000, 0x000000076ad00000)
  object space 102400K, 19% used [0x00000006c0600000,0x00000006c19e6020,0x00000006c6a00000)
 Metaspace       used 47073K, capacity 49412K, committed 49496K, reserved 1097728K
  class space    used 6732K, capacity 7172K, committed 7256K, reserved 1048576K
Event: 7.031 GC heap after
Heap after GC invocations=12 (full 3):
 PSYoungGen      total 134656K, used 0K [0x000000076ad00000, 0x0000000775b80000, 0x00000007c0000000)
  eden space 123904K, 0% used [0x000000076ad00000,0x000000076ad00000,0x0000000772600000)
  from space 10752K, 0% used [0x0000000772600000,0x0000000772600000,0x0000000773080000)
  to   space 12800K, 0% used [0x0000000774f00000,0x0000000774f00000,0x0000000775b80000)
 ParOldGen       total 102400K, used 26762K [0x00000006c0600000, 0x00000006c6a00000, 0x000000076ad00000)
  object space 102400K, 26% used [0x00000006c0600000,0x00000006c2022948,0x00000006c6a00000)
 Metaspace       used 47073K, capacity 49412K, committed 49496K, reserved 1095680K
  class space    used 6732K, capacity 7172K, committed 7256K, reserved 1048576K
}
Event: 7.031 GC heap before
{Heap before GC invocations=13 (full 3):
 PSYoungGen      total 134656K, used 0K [0x000000076ad00000, 0x0000000775b80000, 0x00000007c0000000)
  eden space 123904K, 0% used [0x000000076ad00000,0x000000076ad00000,0x0000000772600000)
  from space 10752K, 0% used [0x0000000772600000,0x0000000772600000,0x0000000773080000)
  to   space 12800K, 0% used [0x0000000774f00000,0x0000000774f00000,0x0000000775b80000)
 ParOldGen       total 102400K, used 26762K [0x00000006c0600000, 0x00000006c6a00000, 0x000000076ad00000)
  object space 102400K, 26% used [0x00000006c0600000,0x00000006c2022948,0x00000006c6a00000)
 Metaspace       used 47073K, capacity 49412K, committed 49496K, reserved 1099776K
  class space    used 6732K, capacity 7172K, committed 7256K, reserved 1048576K
Event: 7.033 GC heap after
Heap after GC invocations=13 (full 3):
 PSYoungGen      total 136704K, used 0K [0x000000076ad00000, 0x0000000775b80000, 0x00000007c0000000)
  eden space 123904K, 0% used [0x000000076ad00000,0x000000076ad00000,0x0000000772600000)
  from space 12800K, 0% used [0x0000000774f00000,0x0000000774f00000,0x0000000775b80000)
  to   space 10752K, 0% used [0x0000000772600000,0x0000000772600000,0x0000000773080000)
 ParOldGen       total 102400K, used 26762K [0x00000006c0600000, 0x00000006c6a00000, 0x000000076ad00000)
  object space 102400K, 26% used [0x00000006c0600000,0x00000006c2022948,0x00000006c6a00000)
 Metaspace       used 47073K, capacity 49412K, committed 49496K, reserved 1099776K
  class space    used 6732K, capacity 7172K, committed 7256K, reserved 1048576K
}
Event: 7.033 GC heap before
{Heap before GC invocations=14 (full 4):
 PSYoungGen      total 136704K, used 0K [0x000000076ad00000, 0x0000000775b80000, 0x00000007c0000000)
  eden space 123904K, 0% used [0x000000076ad00000,0x000000076ad00000,0x0000000772600000)
  from space 12800K, 0% used [0x0000000774f00000,0x0000000774f00000,0x0000000775b80000)
  to   space 10752K, 0% used [0x0000000772600000,0x0000000772600000,0x0000000773080000)
 ParOldGen       total 102400K, used 26762K [0x00000006c0600000, 0x00000006c6a00000, 0x000000076ad00000)
  object space 102400K, 26% used [0x00000006c0600000,0x00000006c2022948,0x00000006c6a00000)
 Metaspace       used 47073K, capacity 49412K, committed 49496K, reserved 1099776K
  class space    used 6732K, capacity 7172K, committed 7256K, reserved 1048576K
Event: 7.169 GC heap after
Heap after GC invocations=14 (full 4):
 PSYoungGen      total 136704K, used 0K [0x000000076ad00000, 0x0000000775b80000, 0x00000007c0000000)
  eden space 123904K, 0% used [0x000000076ad00000,0x000000076ad00000,0x0000000772600000)
  from space 12800K, 0% used [0x0000000774f00000,0x0000000774f00000,0x0000000775b80000)
  to   space 10752K, 0% used [0x0000000772600000,0x0000000772600000,0x0000000773080000)
 ParOldGen       total 102400K, used 22658K [0x00000006c0600000, 0x00000006c6a00000, 0x000000076ad00000)
  object space 102400K, 22% used [0x00000006c0600000,0x00000006c1c20800,0x00000006c6a00000)
 Metaspace       used 46917K, capacity 49164K, committed 49496K, reserved 1095680K
  class space    used 6707K, capacity 7126K, committed 7256K, reserved 1048576K
}
Event: 7.203 GC heap before
{Heap before GC invocations=15 (full 4):
 PSYoungGen      total 136704K, used 5989K [0x000000076ad00000, 0x0000000775b80000, 0x00000007c0000000)
  eden space 123904K, 4% used [0x000000076ad00000,0x000000076b2d94c8,0x0000000772600000)
  from space 12800K, 0% used [0x0000000774f00000,0x0000000774f00000,0x0000000775b80000)
  to   space 10752K, 0% used [0x0000000772600000,0x0000000772600000,0x0000000773080000)
 ParOldGen       total 102400K, used 22658K [0x00000006c0600000, 0x00000006c6a00000, 0x000000076ad00000)
  object space 102400K, 22% used [0x00000006c0600000,0x00000006c1c20800,0x00000006c6a00000)
 Metaspace       used 46983K, capacity 49200K, committed 49496K, reserved 1099776K
  class space    used 6725K, capacity 7134K, committed 7256K, reserved 1048576K
Event: 7.208 GC heap after
Heap after GC invocations=15 (full 4):
 PSYoungGen      total 134656K, used 583K [0x000000076ad00000, 0x0000000774f80000, 0x00000007c0000000)
  eden space 123904K, 0% used [0x000000076ad00000,0x000000076ad00000,0x0000000772600000)
  from space 10752K, 5% used [0x0000000772600000,0x0000000772691cd0,0x0000000773080000)
  to   space 18432K, 0% used [0x0000000773d80000,0x0000000773d80000,0x0000000774f80000)
 ParOldGen       total 102400K, used 22658K [0x00000006c0600000, 0x00000006c6a00000, 0x000000076ad00000)
  object space 102400K, 22% used [0x00000006c0600000,0x00000006c1c20800,0x00000006c6a00000)
 Metaspace       used 46983K, capacity 49200K, committed 49496K, reserved 1099776K
  class space    used 6725K, capacity 7134K, committed 7256K, reserved 1048576K
}
Event: 7.208 GC heap before
{Heap before GC invocations=16 (full 5):
 PSYoungGen      total 134656K, used 583K [0x000000076ad00000, 0x0000000774f80000, 0x00000007c0000000)
  eden space 123904K, 0% used [0x000000076ad00000,0x000000076ad00000,0x0000000772600000)
  from space 10752K, 5% used [0x0000000772600000,0x0000000772691cd0,0x0000000773080000)
  to   space 18432K, 0% used [0x0000000773d80000,0x0000000773d80000,0x0000000774f80000)
 ParOldGen       total 102400K, used 22658K [0x00000006c0600000, 0x00000006c6a00000, 0x000000076ad00000)
  object space 102400K, 22% used [0x00000006c0600000,0x00000006c1c20800,0x00000006c6a00000)
 Metaspace       used 46983K, capacity 49200K, committed 49496K, reserved 1099776K
  class space    used 6725K, capacity 7134K, committed 7256K, reserved 1048576K
Event: 7.273 GC heap after
Heap after GC invocations=16 (full 5):
 PSYoungGen      total 134656K, used 0K [0x000000076ad00000, 0x0000000774f80000, 0x00000007c0000000)
  eden space 123904K, 0% used [0x000000076ad00000,0x000000076ad00000,0x0000000772600000)
  from space 10752K, 0% used [0x0000000772600000,0x0000000772600000,0x0000000773080000)
  to   space 18432K, 0% used [0x0000000773d80000,0x0000000773d80000,0x0000000774f80000)
 ParOldGen       total 102400K, used 18775K [0x00000006c0600000, 0x00000006c6a00000, 0x000000076ad00000)
  object space 102400K, 18% used [0x00000006c0600000,0x00000006c1855f80,0x00000006c6a00000)
 Metaspace       used 46983K, capacity 49200K, committed 49496K, reserved 1095680K
  class space    used 6725K, capacity 7134K, committed 7256K, reserved 1048576K
}

Deoptimization events (0 events):
No events

Classes redefined (0 events):
No events

Internal exceptions (10 events):
Event: 7.370 Thread 0x00000000201e6000 Exception <a 'java/lang/ArrayIndexOutOfBoundsException'> (0x000000076ba26778) thrown at [C:\re\workspace\8-2-build-windows-amd64-cygwin\jdk8u191\11896\hotspot\src\share\vm\runtime\sharedRuntime.cpp, line 605]
Event: 7.372 Thread 0x00000000201e6000 Exception <a 'java/lang/ArrayIndexOutOfBoundsException'> (0x000000076ba31d20) thrown at [C:\re\workspace\8-2-build-windows-amd64-cygwin\jdk8u191\11896\hotspot\src\share\vm\runtime\sharedRuntime.cpp, line 605]
Event: 7.372 Thread 0x00000000201e6000 Exception <a 'java/lang/ArrayIndexOutOfBoundsException'> (0x000000076ba34548) thrown at [C:\re\workspace\8-2-build-windows-amd64-cygwin\jdk8u191\11896\hotspot\src\share\vm\runtime\sharedRuntime.cpp, line 605]
Event: 7.372 Thread 0x00000000201e6000 Exception <a 'java/lang/ArrayIndexOutOfBoundsException'> (0x000000076ba35b48) thrown at [C:\re\workspace\8-2-build-windows-amd64-cygwin\jdk8u191\11896\hotspot\src\share\vm\runtime\sharedRuntime.cpp, line 605]
Event: 7.372 Thread 0x00000000201e6000 Exception <a 'java/lang/ArrayIndexOutOfBoundsException'> (0x000000076ba37630) thrown at [C:\re\workspace\8-2-build-windows-amd64-cygwin\jdk8u191\11896\hotspot\src\share\vm\runtime\sharedRuntime.cpp, line 605]
Event: 7.430 Thread 0x00000000201e6000 Exception <a 'java/lang/ArrayIndexOutOfBoundsException'> (0x000000076bca82f8) thrown at [C:\re\workspace\8-2-build-windows-amd64-cygwin\jdk8u191\11896\hotspot\src\share\vm\runtime\sharedRuntime.cpp, line 605]
Event: 7.499 Thread 0x00000000201e6000 Exception <a 'java/lang/ArrayIndexOutOfBoundsException'> (0x000000076c31a878) thrown at [C:\re\workspace\8-2-build-windows-amd64-cygwin\jdk8u191\11896\hotspot\src\share\vm\runtime\sharedRuntime.cpp, line 605]
Event: 7.547 Thread 0x00000000201e6000 Exception <a 'java/lang/ArrayIndexOutOfBoundsException'> (0x000000076c83fb90) thrown at [C:\re\workspace\8-2-build-windows-amd64-cygwin\jdk8u191\11896\hotspot\src\share\vm\runtime\sharedRuntime.cpp, line 605]
Event: 7.552 Thread 0x00000000201e6000 Exception <a 'java/lang/ArrayIndexOutOfBoundsException'> (0x000000076c8f4a30) thrown at [C:\re\workspace\8-2-build-windows-amd64-cygwin\jdk8u191\11896\hotspot\src\share\vm\runtime\sharedRuntime.cpp, line 605]
Event: 7.560 Thread 0x00000000201e6000 Exception <a 'java/lang/ArrayIndexOutOfBoundsException'> (0x000000076c9cbd18) thrown at [C:\re\workspace\8-2-build-windows-amd64-cygwin\jdk8u191\11896\hotspot\src\share\vm\runtime\sharedRuntime.cpp, line 605]

Events (10 events):
Event: 7.706 loading class org/apache/tomcat/util/threads/ThreadPoolExecutor$RejectHandler
Event: 7.706 loading class org/apache/tomcat/util/threads/ThreadPoolExecutor$RejectHandler done
Event: 7.706 Thread 0x000000001dfe8000 Thread added: 0x000000001dfe8000
Event: 7.706 Thread 0x000000001dfeb000 Thread added: 0x000000001dfeb000
Event: 7.707 Thread 0x000000001dfeb800 Thread added: 0x000000001dfeb800
Event: 7.707 Thread 0x000000001dfec800 Thread added: 0x000000001dfec800
Event: 7.707 Thread 0x00000000229c8000 Thread added: 0x00000000229c8000
Event: 7.707 Thread 0x00000000229ca800 Thread added: 0x00000000229ca800
Event: 7.707 Thread 0x00000000229c4800 Thread added: 0x00000000229c4800
Event: 7.707 Thread 0x00000000229c6000 Thread added: 0x00000000229c6000


Dynamic libraries:
0x00007ff6acdd0000 - 0x00007ff6ace07000 	C:\Program Files\Java\jre1.8.0_191\bin\javaw.exe
0x00007ffa94200000 - 0x00007ffa943ed000 	C:\WINDOWS\SYSTEM32\ntdll.dll
0x00007ffa91b50000 - 0x00007ffa91c03000 	C:\WINDOWS\System32\KERNEL32.DLL
0x00007ffa91180000 - 0x00007ffa91413000 	C:\WINDOWS\System32\KERNELBASE.dll
0x00007ffa91dd0000 - 0x00007ffa91e73000 	C:\WINDOWS\System32\ADVAPI32.dll
0x00007ffa91d30000 - 0x00007ffa91dce000 	C:\WINDOWS\System32\msvcrt.dll
0x00007ffa91ab0000 - 0x00007ffa91b4e000 	C:\WINDOWS\System32\sechost.dll
0x00007ffa91980000 - 0x00007ffa91aa2000 	C:\WINDOWS\System32\RPCRT4.dll
0x00007ffa93da0000 - 0x00007ffa93f37000 	C:\WINDOWS\System32\USER32.dll
0x00007ffa908c0000 - 0x00007ffa908e0000 	C:\WINDOWS\System32\win32u.dll
0x00007ffa915b0000 - 0x00007ffa915d9000 	C:\WINDOWS\System32\GDI32.dll
0x00007ffa90720000 - 0x00007ffa908b9000 	C:\WINDOWS\System32\gdi32full.dll
0x00007ffa91060000 - 0x00007ffa91100000 	C:\WINDOWS\System32\msvcp_win.dll
0x00007ffa90310000 - 0x00007ffa9040a000 	C:\WINDOWS\System32\ucrtbase.dll
0x00007ffa82e60000 - 0x00007ffa830d9000 	C:\WINDOWS\WinSxS\amd64_microsoft.windows.common-controls_6595b64144ccf1df_6.0.17763.802_none_05b1445c0722d2cc\COMCTL32.dll
0x00007ffa91650000 - 0x00007ffa9197c000 	C:\WINDOWS\System32\combase.dll
0x00007ffa91100000 - 0x00007ffa9117e000 	C:\WINDOWS\System32\bcryptPrimitives.dll
0x00007ffa91d00000 - 0x00007ffa91d2e000 	C:\WINDOWS\System32\IMM32.DLL
0x00000000631f0000 - 0x00000000632c2000 	C:\Program Files\Java\jre1.8.0_191\bin\msvcr100.dll
0x000000005e310000 - 0x000000005ebb4000 	C:\Program Files\Java\jre1.8.0_191\bin\server\jvm.dll
0x00007ffa93d90000 - 0x00007ffa93d98000 	C:\WINDOWS\System32\PSAPI.DLL
0x00007ffa7c760000 - 0x00007ffa7c769000 	C:\WINDOWS\SYSTEM32\WSOCK32.dll
0x00007ffa93f40000 - 0x00007ffa93fad000 	C:\WINDOWS\System32\WS2_32.dll
0x00007ffa8aa60000 - 0x00007ffa8aa6a000 	C:\WINDOWS\SYSTEM32\VERSION.dll
0x00007ffa8df70000 - 0x00007ffa8df94000 	C:\WINDOWS\SYSTEM32\WINMM.dll
0x00007ffa8daf0000 - 0x00007ffa8db1d000 	C:\WINDOWS\SYSTEM32\WINMMBASE.dll
0x00007ffa902c0000 - 0x00007ffa9030a000 	C:\WINDOWS\System32\cfgmgr32.dll
0x00000000630e0000 - 0x00000000630ef000 	C:\Program Files\Java\jre1.8.0_191\bin\verify.dll
0x00000000630b0000 - 0x00000000630d9000 	C:\Program Files\Java\jre1.8.0_191\bin\java.dll
0x0000000063090000 - 0x00000000630a6000 	C:\Program Files\Java\jre1.8.0_191\bin\zip.dll
0x00007ffa924d0000 - 0x00007ffa939c4000 	C:\WINDOWS\System32\SHELL32.dll
0x00007ffa94120000 - 0x00007ffa941c8000 	C:\WINDOWS\System32\shcore.dll
0x00007ffa908e0000 - 0x00007ffa9102d000 	C:\WINDOWS\System32\windows.storage.dll
0x00007ffa90270000 - 0x00007ffa90294000 	C:\WINDOWS\System32\profapi.dll
0x00007ffa901f0000 - 0x00007ffa9024d000 	C:\WINDOWS\System32\powrprof.dll
0x00007ffa93d30000 - 0x00007ffa93d82000 	C:\WINDOWS\System32\shlwapi.dll
0x00007ffa90250000 - 0x00007ffa90261000 	C:\WINDOWS\System32\kernel.appcore.dll
0x00007ffa90410000 - 0x00007ffa90427000 	C:\WINDOWS\System32\cryptsp.dll
0x00000000631e0000 - 0x00000000631ed000 	C:\Program Files\Java\jre1.8.0_191\bin\management.dll
0x0000000063070000 - 0x000000006308a000 	C:\Program Files\Java\jre1.8.0_191\bin\net.dll
0x00007ffa8f680000 - 0x00007ffa8f6e7000 	C:\WINDOWS\system32\mswsock.dll
0x0000000063050000 - 0x0000000063061000 	C:\Program Files\Java\jre1.8.0_191\bin\nio.dll
0x00007ffa785e0000 - 0x00007ffa785f6000 	C:\WINDOWS\system32\napinsp.dll
0x00007ffa785c0000 - 0x00007ffa785da000 	C:\WINDOWS\system32\pnrpnsp.dll
0x00007ffa8f3e0000 - 0x00007ffa8f4a6000 	C:\WINDOWS\SYSTEM32\DNSAPI.dll
0x00007ffa91640000 - 0x00007ffa91648000 	C:\WINDOWS\System32\NSI.dll
0x00007ffa8f3a0000 - 0x00007ffa8f3dd000 	C:\WINDOWS\SYSTEM32\IPHLPAPI.DLL
0x00007ffa82280000 - 0x00007ffa8228e000 	C:\WINDOWS\System32\winrnr.dll
0x00007ffa8c7a0000 - 0x00007ffa8c7bb000 	C:\WINDOWS\system32\NLAapi.dll
0x00007ffa74c30000 - 0x00007ffa74c45000 	C:\WINDOWS\system32\wshbth.dll
0x00007ffa86bb0000 - 0x00007ffa86bba000 	C:\Windows\System32\rasadhlp.dll
0x00007ffa87370000 - 0x00007ffa873e9000 	C:\WINDOWS\System32\fwpuclnt.dll
0x00007ffa91030000 - 0x00007ffa91056000 	C:\WINDOWS\System32\bcrypt.dll
0x00007ffa8f200000 - 0x00007ffa8f233000 	C:\WINDOWS\system32\rsaenh.dll
0x00007ffa900f0000 - 0x00007ffa90118000 	C:\WINDOWS\SYSTEM32\USERENV.dll
0x00007ffa8f850000 - 0x00007ffa8f85c000 	C:\WINDOWS\SYSTEM32\CRYPTBASE.dll
0x00007ffa88b00000 - 0x00007ffa88b16000 	C:\WINDOWS\SYSTEM32\dhcpcsvc6.DLL
0x00007ffa88ac0000 - 0x00007ffa88adc000 	C:\WINDOWS\SYSTEM32\dhcpcsvc.DLL

VM Arguments:
jvm_args: -Dcom.sun.management.jmxremote -Dcom.sun.management.jmxremote.port=55962 -Dcom.sun.management.jmxremote.authenticate=false -Dcom.sun.management.jmxremote.ssl=false -Djava.rmi.server.hostname=localhost -Dspring.application.admin.enabled=true -Xverify:none -XX:TieredStopAtLevel=1 -Dfile.encoding=UTF-8 
java_command: com.formation.webapp.WebAppApplication --spring.output.ansi.enabled=always
java_class_path (initial): C:\Users\admin\git\Site-CV\Site-CV\target\classes;C:\Users\admin\.m2\repository\com\h2database\h2\1.4.197\h2-1.4.197.jar;C:\Users\admin\.m2\repository\org\springframework\boot\spring-boot-starter-data-jpa\2.1.3.RELEASE\spring-boot-starter-data-jpa-2.1.3.RELEASE.jar;C:\Users\admin\.m2\repository\org\springframework\boot\spring-boot-starter-aop\2.1.3.RELEASE\spring-boot-starter-aop-2.1.3.RELEASE.jar;C:\Users\admin\.m2\repository\org\springframework\spring-aop\5.1.5.RELEASE\spring-aop-5.1.5.RELEASE.jar;C:\Users\admin\.m2\repository\org\aspectj\aspectjweaver\1.9.2\aspectjweaver-1.9.2.jar;C:\Users\admin\.m2\repository\org\springframework\boot\spring-boot-starter-jdbc\2.1.3.RELEASE\spring-boot-starter-jdbc-2.1.3.RELEASE.jar;C:\Users\admin\.m2\repository\com\zaxxer\HikariCP\3.2.0\HikariCP-3.2.0.jar;C:\Users\admin\.m2\repository\org\springframework\spring-jdbc\5.1.5.RELEASE\spring-jdbc-5.1.5.RELEASE.jar;C:\Users\admin\.m2\repository\javax\transaction\javax.transaction-api\1.3\javax.transaction-api-1.3.jar;C:\Users\admin\.m2\repository\javax\xml\bind\jaxb-api\2.3.1\jaxb-api-2.3.1.jar;C:\Users\admin\.m2\repository\org\springframework\data\spring-data-jpa\2.1.5.RELEASE\spring-data-jpa-2.1.5.RELEASE.jar;C:\Users\admin\.m2\repository\org\springframework\data\spring-data-commons\2.1.5.RELEASE\spring-data-commons-2.1.5.RELEASE.jar;C:\Users\admin\.m2\repository\org\springframework\spring-orm\5.1.5.RELEASE\spring-orm-5.1.5.RELEASE.jar;C:\Users\admin\.m2\repository\org\springframework\spring-context\5.1.5.RELEASE\spring-context-5.1.5.RELEASE.jar;C:\Users\admin\.m2\repository\org\springframework\spring-tx\5.1.5.RELEASE\spring-tx-5.1.5.RELEASE.jar;C:\Users\admin\.m2\repository\org\springframework\spring-beans\5.1.5.RELEASE\spring-beans-5.1.5.RELEASE.jar;C:\Users\admin\.m2\repository\org\slf4j\slf4j-api\1.7.25\slf4j-api-1.7.25.jar;C:\Users\admin\.m2\repository\org\springframework\spring-aspects\5.1.5.RELEASE\spring-aspects-5.1.5.RELEASE.jar;C:\Users\admin\.m
Launcher Type: SUN_STANDARD

Environment Variables:
JRE_HOME=C:\Users\admin\Desktop\outil\jdk-11.0.1
PATH=C:/Program Files/Java/jre1.8.0_191/bin/server;C:/Program Files/Java/jre1.8.0_191/bin;C:/Program Files/Java/jre1.8.0_191/lib/amd64;C:\Program Files (x86)\Common Files\Oracle\Java\javapath;C:\Program Files (x86)\NVIDIA Corporation\PhysX\Common;C:\WINDOWS\system32;C:\WINDOWS;C:\WINDOWS\System32\Wbem;C:\WINDOWS\System32\WindowsPowerShell\v1.0\;C:\WINDOWS\System32\OpenSSH\;C:\Users\admin\Desktop\outil\pg11\bin;D:\logiciels\pg11\bin;C:\Users\admin\AppData\Local\Microsoft\WindowsApps;;C:\Users\admin\Desktop\outil\sts-4.1.0.RELEASE;
USERNAME=admin
OS=Windows_NT
PROCESSOR_IDENTIFIER=AMD64 Family 21 Model 2 Stepping 0, AuthenticAMD



---------------  S Y S T E M  ---------------

OS: Windows 10.0 , 64 bit Build 17763 (10.0.17763.475)

CPU:total 8 (initial active 8) (8 cores per cpu, 1 threads per core) family 21 model 2 stepping 0, cmov, cx8, fxsr, mmx, sse, sse2, sse3, ssse3, sse4.1, sse4.2, popcnt, avx, aes, clmul, mmxext, 3dnowpref, lzcnt, sse4a, tsc, tscinvbit, tscinv, bmi1

Memory: 4k page, physical 16748928k(1993312k free), swap 67080576k(4100k free)

vm_info: Java HotSpot(TM) 64-Bit Server VM (25.191-b12) for windows-amd64 JRE (1.8.0_191-b12), built on Oct  6 2018 09:29:03 by "java_re" with MS VC++ 10.0 (VS2010)

time: Sat Nov 02 13:52:49 2019
elapsed time: 7 seconds (0d 0h 0m 7s)

